Passengers that checked in their flights
=======================================
one passenger
one passenger
one passenger
one passenger
one passenger
one passenger
one passenger
one passenger
one passenger
one passenger
one passenger
one passenger
one passenger
one passenger
one passenger

Passengers that checked in their flights
=======================================
one passenger
one passenger
one passenger
one passenger
one passenger
one passenger
one passenger
one passenger
one passenger
one passenger
one passenger
one passenger
one passenger
one passenger
one passenger

one passenger

Passengers that checked in their flights
=======================================
one passenger
one passenger
one passenger
one passenger
one passenger

Passengers that checked in their flights
=======================================
one passenger
one passenger
one passenger
one passenger
one passenger

Passengers that checked in their flights
=======================================
got 1
got 1
got 1
got 1
got 1

Passengers that checked in their flights
=======================================
Got: Becky Farmer 68.0 70.0 63.0 38.0got 1
Got: Becky Farmer 68.0 70.0 63.0 38.0got 1
Got: Becky Farmer 68.0 70.0 63.0 38.0got 1
Got: Becky Farmer 68.0 70.0 63.0 38.0got 1
Got: Becky Farmer 68.0 70.0 63.0 38.0got 1

Passengers that checked in their flights
=======================================
Got: George Minadakis 83.0 88.0 82.0 55.0got 1
Got: George Minadakis 83.0 88.0 82.0 55.0got 1
Got: George Minadakis 83.0 88.0 82.0 55.0got 1
Got: George Minadakis 83.0 88.0 82.0 55.0got 1
Got: George Minadakis 83.0 88.0 82.0 55.0got 1

Passengers that checked in their flights
=======================================
Got: Claire Gibson 30.0 25.0 65.0 35.0got 1
Got: Claire Gibson 30.0 25.0 65.0 35.0got 1
Got: Claire Gibson 30.0 25.0 65.0 35.0got 1
Got: Claire Gibson 30.0 25.0 65.0 35.0got 1
Got: Claire Gibson 30.0 25.0 65.0 35.0got 1

Passengers that checked in their flights
=======================================
Got: Bobby Baird 58.0 44.0 39.0 38.0got 1
Got: Bobby Baird 58.0 44.0 39.0 38.0got 1
Got: Bobby Baird 58.0 44.0 39.0 38.0got 1
Got: Bobby Baird 58.0 44.0 39.0 38.0got 1
Got: Bobby Baird 58.0 44.0 39.0 38.0got 1

Passengers that checked in their flights
=======================================
Got: Sahil Khan 64.0 71.0 50.0 6.0got 1
Got: Sahil Khan 64.0 71.0 50.0 6.0got 1
Got: Sahil Khan 64.0 71.0 50.0 6.0got 1
Got: Sahil Khan 64.0 71.0 50.0 6.0got 1
Got: Sahil Khan 64.0 71.0 50.0 6.0got 1

