Passengers that checked in their flights
=======================================
Got: Haris Parisis 65.0 61.0 44.0 51.0got 1

Passengers that checked in their flights
=======================================
Got: Sonia Manousanidou 72.0 95.0 14.0 36.0got 1

Passengers that checked in their flights
=======================================
Got: Stamatis Tiniakos 86.0 92.0 86.0 65.0got 1
Got: Stamatis Tiniakos 86.0 92.0 86.0 65.0got 1
Got: Stamatis Tiniakos 86.0 92.0 86.0 65.0got 1
Got: Stamatis Tiniakos 86.0 92.0 86.0 65.0got 1
Got: Stamatis Tiniakos 86.0 92.0 86.0 65.0got 1

Passengers that checked in their flights
=======================================
Got: Phil Abel 12.0 94.0 52.0 45.0got 1

Passengers that checked in their flights
=======================================
Got: Nicola Cateral 14.0 62.0 38.0 38.0got 1

Passengers that checked in their flights
=======================================
Got: Beth Forwards 29.0 56.0 52.0 76.0got 1

Passengers that checked in their flights
=======================================
Got: Naomi Cabel 52.0 13.0 44.0 52.0got 1

Passengers that checked in their flights
=======================================
Got: Anna Zabielska 38.0 100.0 65.0 41.0got 1

Passengers that checked in their flights
=======================================
Got: Edward Smatovs 22.0 63.0 54.0 48.0got 1

Passengers that checked in their flights
=======================================
Got: Phil Abel 5.0 55.0 75.0 28.0got 1

Passengers that checked in their flights
=======================================
Got: Sahil Khan 45.0 43.0 7.0 51.0got 1

Passengers that checked in their flights
=======================================
Got: Stamatis Tiniakos 78.0 42.0 84.0 74.0got 1

Passengers that checked in their flights
=======================================

Passengers that checked in their flights
=======================================

