Passengers that checked in their flights
=======================================
null
null
null
null
null
Got: Sveti Dimitrova 34.0 9.0 80.0 99.0
Got: Sveti Dimitrova 34.0 9.0 80.0 99.0
Got: Sveti Dimitrova 34.0 9.0 80.0 99.0

Passengers that checked in their flights
=======================================
null
null
null
null
null
null
null
null
null
null
Got: Andrew Brownlie 62.0 7.0 64.0 22.0
Got: Andrew Brownlie 62.0 7.0 64.0 22.0
Got: Andrew Brownlie 62.0 7.0 64.0 22.0
Got: Andrew Brownlie 62.0 7.0 64.0 22.0
Got: Andrew Brownlie 62.0 7.0 64.0 22.0

Passengers that checked in their flights
=======================================
1
1
1
1
1
1
1
1
1
1
1
1
1
1
1

Passengers that checked in their flights
=======================================
one passenger
one passenger
one passenger
one passenger
one passenger
one passenger
one passenger
one passenger
one passenger
one passenger
one passenger
one passenger
one passenger
one passenger
one passenger

Passengers that checked in their flights
=======================================
one passenger
one passenger
one passenger
one passenger
one passenger
one passenger
one passenger
one passenger

